2015-03-30 16:29:55,630 [11] INFO MiCo.MiForms.Uploader.Upload - Delivery Ticket Processor 1.0 Starting...
2015-03-30 16:29:56,083 [11] INFO MiCo.MiForms.Uploader.SessionUpload - Attempting to authenticate server and user 
2015-03-30 16:29:56,239 [11] INFO MiCo.MiForms.Uploader.SessionUpload - Server verified.
2015-03-30 16:29:56,458 [11] INFO MiCo.MiForms.Uploader.SessionUpload - Successful login
2015-03-30 16:29:56,458 [11] INFO MiCo.MiForms.Uploader.SessionUpload - Authenticated Administrator
2015-03-30 16:29:56,604 [11] INFO MiCo.MiForms.Uploader.SessionUpload - Located Template: 432554
2015-03-30 16:29:58,721 [11] INFO MiCo.MiForms.Uploader.SessionUpload - Processing 1 of 3: 3
2015-03-30 18:40:13,003 [7] INFO MiCo.MiForms.Uploader.Upload - Starting Mi-Forms Session Upload Processor
2015-03-30 18:40:17,820 [7] INFO MiCo.MiForms.Uploader.SessionUpload - Attempting to authenticate server and user 
2015-03-30 18:40:17,976 [7] INFO MiCo.MiForms.Uploader.SessionUpload - Server verified.
2015-03-30 18:40:18,070 [7] INFO MiCo.MiForms.Uploader.SessionUpload - Successful login
2015-03-30 18:40:21,189 [7] INFO MiCo.MiForms.Uploader.SessionUpload - Authenticated Administrator
2015-03-30 18:41:37,800 [8] INFO MiCo.MiForms.Uploader.Upload - Starting Mi-Forms Session Upload Processor
2015-03-30 18:41:38,206 [8] INFO MiCo.MiForms.Uploader.SessionUpload - Attempting to authenticate server and user 
2015-03-30 18:41:38,336 [8] INFO MiCo.MiForms.Uploader.SessionUpload - Server verified.
2015-03-30 18:41:38,399 [8] INFO MiCo.MiForms.Uploader.SessionUpload - Successful login
2015-03-30 18:41:38,399 [8] INFO MiCo.MiForms.Uploader.SessionUpload - Authenticated Administrator
2015-03-30 18:42:10,653 [8] INFO MiCo.MiForms.Uploader.Upload - Starting Mi-Forms Session Upload Processor
2015-03-30 18:42:11,041 [8] INFO MiCo.MiForms.Uploader.SessionUpload - Attempting to authenticate server and user 
2015-03-30 18:42:11,166 [8] INFO MiCo.MiForms.Uploader.SessionUpload - Server verified.
2015-03-30 18:42:11,275 [8] INFO MiCo.MiForms.Uploader.SessionUpload - Successful login
2015-03-30 18:42:11,275 [8] INFO MiCo.MiForms.Uploader.SessionUpload - Authenticated Administrator
2015-03-30 18:51:34,758 [10] INFO MiCo.MiForms.Uploader.Upload - Starting Mi-Forms Session Upload Processor
2015-03-30 18:51:35,164 [10] INFO MiCo.MiForms.Uploader.SessionUpload - Attempting to authenticate server and user 
2015-03-30 18:51:35,461 [10] INFO MiCo.MiForms.Uploader.SessionUpload - Server verified.
2015-03-30 18:51:35,649 [10] INFO MiCo.MiForms.Uploader.SessionUpload - Successful login
2015-03-30 18:51:35,649 [10] INFO MiCo.MiForms.Uploader.SessionUpload - Authenticated Administrator
2015-04-06 17:20:37,792 [7] INFO MiCo.MiForms.Uploader.Upload - Starting Mi-Forms Session Upload Processor
2015-04-06 17:20:44,179 [7] INFO MiCo.MiForms.Uploader.SessionUpload - Attempting to authenticate server and user 
2015-04-06 17:20:44,471 [7] INFO MiCo.MiForms.Uploader.SessionUpload - Server verified.
2015-04-06 17:20:44,731 [7] INFO MiCo.MiForms.Uploader.SessionUpload - Successful login
2015-04-06 17:20:47,406 [7] INFO MiCo.MiForms.Uploader.SessionUpload - Authenticated Administrator
2015-04-06 17:23:47,620 [7] INFO MiCo.MiForms.Uploader.SessionUpload - Located Template: 432554
2015-04-07 15:10:14,506 [7] INFO MiCo.MiForms.Uploader.Upload - Starting Mi-Forms Session Upload Processor
2015-04-07 15:10:23,974 [7] INFO MiCo.MiForms.Uploader.SessionUpload - Attempting to authenticate server and user 
2015-04-07 15:10:24,259 [7] INFO MiCo.MiForms.Uploader.SessionUpload - Server verified.
2015-04-07 15:10:24,376 [7] INFO MiCo.MiForms.Uploader.SessionUpload - Successful login
2015-04-07 15:10:24,377 [7] INFO MiCo.MiForms.Uploader.SessionUpload - Authenticated Administrator
2015-04-07 15:10:35,271 [7] ERROR MiCo.MiForms.Uploader.GetData - Keyword not supported: '(local)\sqlexpress;initial catalog'.
2015-04-07 15:12:01,701 [7] INFO MiCo.MiForms.Uploader.Upload - Starting Mi-Forms Session Upload Processor
2015-04-07 15:12:02,190 [7] INFO MiCo.MiForms.Uploader.SessionUpload - Attempting to authenticate server and user 
2015-04-07 15:12:02,336 [7] INFO MiCo.MiForms.Uploader.SessionUpload - Server verified.
2015-04-07 15:12:02,412 [7] INFO MiCo.MiForms.Uploader.SessionUpload - Successful login
2015-04-07 15:12:02,412 [7] INFO MiCo.MiForms.Uploader.SessionUpload - Authenticated Administrator
2015-04-07 15:12:12,879 [7] ERROR MiCo.MiForms.Uploader.GetData - Incorrect syntax near '='.
2015-04-07 15:12:38,993 [9] INFO MiCo.MiForms.Uploader.Upload - Starting Mi-Forms Session Upload Processor
2015-04-07 15:12:39,494 [9] INFO MiCo.MiForms.Uploader.SessionUpload - Attempting to authenticate server and user 
2015-04-07 15:12:39,628 [9] INFO MiCo.MiForms.Uploader.SessionUpload - Server verified.
2015-04-07 15:12:39,737 [9] INFO MiCo.MiForms.Uploader.SessionUpload - Successful login
2015-04-07 15:12:39,737 [9] INFO MiCo.MiForms.Uploader.SessionUpload - Authenticated Administrator
2015-04-07 15:12:43,330 [9] INFO MiCo.MiForms.Uploader.GetData - Collected data from database...
2015-04-07 15:14:19,437 [7] INFO MiCo.MiForms.Uploader.Upload - Starting Mi-Forms Session Upload Processor
2015-04-07 15:14:19,902 [7] INFO MiCo.MiForms.Uploader.SessionUpload - Attempting to authenticate server and user 
2015-04-07 15:14:19,964 [7] INFO MiCo.MiForms.Uploader.SessionUpload - Server verified.
2015-04-07 15:14:19,989 [7] INFO MiCo.MiForms.Uploader.SessionUpload - Successful login
2015-04-07 15:14:19,990 [7] INFO MiCo.MiForms.Uploader.SessionUpload - Authenticated Administrator
2015-04-07 15:14:23,047 [7] INFO MiCo.MiForms.Uploader.GetData - Collected data from database...
2015-04-07 15:14:29,869 [7] INFO MiCo.MiForms.Uploader.SessionUpload - Located Template: 777
2015-04-07 15:19:03,549 [10] INFO MiCo.MiForms.Uploader.Upload - Starting Mi-Forms Session Upload Processor
2015-04-07 15:19:04,026 [10] INFO MiCo.MiForms.Uploader.SessionUpload - Attempting to authenticate server and user 
2015-04-07 15:19:04,108 [10] INFO MiCo.MiForms.Uploader.SessionUpload - Server verified.
2015-04-07 15:19:04,142 [10] INFO MiCo.MiForms.Uploader.SessionUpload - Successful login
2015-04-07 15:19:04,142 [10] INFO MiCo.MiForms.Uploader.SessionUpload - Authenticated Administrator
2015-04-07 15:19:15,079 [10] INFO MiCo.MiForms.Uploader.GetData - Collected data from database...
2015-04-07 15:19:19,940 [10] INFO MiCo.MiForms.Uploader.SessionUpload - Located Template: 777
2015-04-07 15:19:21,542 [10] INFO MiCo.MiForms.Uploader.SessionUpload - Uploaded session to server.
2015-04-07 15:19:21,543 [10] INFO MiCo.MiForms.Uploader.SessionUpload - Form uploaded to server with session ID 1
2015-04-07 15:19:21,605 [10] INFO MiCo.MiForms.Uploader.SessionUpload - Confirmed uploaded session 1.
2015-04-07 15:19:23,033 [10] INFO MiCo.MiForms.Uploader.SessionUpload - Located Template: 777
2015-04-07 15:19:23,432 [10] INFO MiCo.MiForms.Uploader.SessionUpload - Uploaded session to server.
2015-04-07 15:19:23,432 [10] INFO MiCo.MiForms.Uploader.SessionUpload - Form uploaded to server with session ID 2
2015-04-07 15:19:23,453 [10] INFO MiCo.MiForms.Uploader.SessionUpload - Confirmed uploaded session 2.
2015-04-07 15:19:24,018 [10] INFO MiCo.MiForms.Uploader.SessionUpload - Located Template: 777
2015-04-07 15:19:24,405 [10] INFO MiCo.MiForms.Uploader.SessionUpload - Uploaded session to server.
2015-04-07 15:19:24,405 [10] INFO MiCo.MiForms.Uploader.SessionUpload - Form uploaded to server with session ID 3
2015-04-07 15:19:24,423 [10] INFO MiCo.MiForms.Uploader.SessionUpload - Confirmed uploaded session 3.
2015-04-07 15:19:24,943 [10] INFO MiCo.MiForms.Uploader.SessionUpload - Located Template: 777
2015-04-07 15:19:25,198 [10] INFO MiCo.MiForms.Uploader.SessionUpload - Uploaded session to server.
2015-04-07 15:19:25,199 [10] INFO MiCo.MiForms.Uploader.SessionUpload - Form uploaded to server with session ID 4
2015-04-07 15:19:25,222 [10] INFO MiCo.MiForms.Uploader.SessionUpload - Confirmed uploaded session 4.
2015-04-07 15:19:26,213 [10] INFO MiCo.MiForms.Uploader.SessionUpload - Located Template: 777
2015-04-07 15:19:26,328 [10] INFO MiCo.MiForms.Uploader.SessionUpload - Uploaded session to server.
2015-04-07 15:19:26,328 [10] INFO MiCo.MiForms.Uploader.SessionUpload - Form uploaded to server with session ID 5
2015-04-07 15:19:26,356 [10] INFO MiCo.MiForms.Uploader.SessionUpload - Confirmed uploaded session 5.
2015-04-07 15:19:26,357 [10] INFO MiCo.MiForms.Uploader.Upload -  Mi-Forms Session Upload Processor is Complete!
2015-04-07 15:21:03,517 [8] INFO MiCo.MiForms.Uploader.Upload - Starting Mi-Forms Session Upload Processor
2015-04-07 15:21:03,962 [8] INFO MiCo.MiForms.Uploader.SessionUpload - Attempting to authenticate server and user 
2015-04-07 15:21:04,023 [8] INFO MiCo.MiForms.Uploader.SessionUpload - Server verified.
2015-04-07 15:21:04,045 [8] INFO MiCo.MiForms.Uploader.SessionUpload - Successful login
2015-04-07 15:21:04,046 [8] INFO MiCo.MiForms.Uploader.SessionUpload - Authenticated Administrator
2015-04-07 15:21:04,878 [8] INFO MiCo.MiForms.Uploader.GetData - Collected data from database...
2015-04-07 15:21:04,900 [8] INFO MiCo.MiForms.Uploader.SessionUpload - Located Template: 777
2015-04-07 15:21:05,106 [8] INFO MiCo.MiForms.Uploader.SessionUpload - Uploaded session to server.
2015-04-07 15:21:05,106 [8] INFO MiCo.MiForms.Uploader.SessionUpload - Form uploaded to server with session ID 6
2015-04-07 15:21:05,125 [8] INFO MiCo.MiForms.Uploader.SessionUpload - Confirmed uploaded session 6.
2015-04-07 15:21:05,142 [8] INFO MiCo.MiForms.Uploader.SessionUpload - Located Template: 777
2015-04-07 15:21:05,266 [8] INFO MiCo.MiForms.Uploader.SessionUpload - Uploaded session to server.
2015-04-07 15:21:05,266 [8] INFO MiCo.MiForms.Uploader.SessionUpload - Form uploaded to server with session ID 7
2015-04-07 15:21:05,283 [8] INFO MiCo.MiForms.Uploader.SessionUpload - Confirmed uploaded session 7.
2015-04-07 15:21:05,300 [8] INFO MiCo.MiForms.Uploader.SessionUpload - Located Template: 777
2015-04-07 15:21:05,400 [8] INFO MiCo.MiForms.Uploader.SessionUpload - Uploaded session to server.
2015-04-07 15:21:05,400 [8] INFO MiCo.MiForms.Uploader.SessionUpload - Form uploaded to server with session ID 8
2015-04-07 15:21:05,418 [8] INFO MiCo.MiForms.Uploader.SessionUpload - Confirmed uploaded session 8.
2015-04-07 15:21:05,435 [8] INFO MiCo.MiForms.Uploader.SessionUpload - Located Template: 777
2015-04-07 15:21:05,544 [8] INFO MiCo.MiForms.Uploader.SessionUpload - Uploaded session to server.
2015-04-07 15:21:05,544 [8] INFO MiCo.MiForms.Uploader.SessionUpload - Form uploaded to server with session ID 9
2015-04-07 15:21:05,561 [8] INFO MiCo.MiForms.Uploader.SessionUpload - Confirmed uploaded session 9.
2015-04-07 15:21:05,580 [8] INFO MiCo.MiForms.Uploader.SessionUpload - Located Template: 777
2015-04-07 15:21:05,699 [8] INFO MiCo.MiForms.Uploader.SessionUpload - Uploaded session to server.
2015-04-07 15:21:05,699 [8] INFO MiCo.MiForms.Uploader.SessionUpload - Form uploaded to server with session ID 10
2015-04-07 15:21:05,718 [8] INFO MiCo.MiForms.Uploader.SessionUpload - Confirmed uploaded session 10.
2015-04-07 15:21:05,719 [8] INFO MiCo.MiForms.Uploader.Upload -  Mi-Forms Session Upload Processor is Complete!
2015-04-07 15:22:04,851 [7] INFO MiCo.MiForms.Uploader.Upload - Starting Mi-Forms Session Upload Processor
2015-04-07 15:22:05,330 [7] INFO MiCo.MiForms.Uploader.SessionUpload - Attempting to authenticate server and user 
2015-04-07 15:22:05,396 [7] INFO MiCo.MiForms.Uploader.SessionUpload - Server verified.
2015-04-07 15:22:05,422 [7] INFO MiCo.MiForms.Uploader.SessionUpload - Successful login
2015-04-07 15:22:05,423 [7] INFO MiCo.MiForms.Uploader.SessionUpload - Authenticated Administrator
2015-04-08 08:28:49,570 [7] INFO MiCo.MiForms.Uploader.Upload - Starting Mi-Forms Session Upload Processor
2015-04-08 08:28:50,092 [7] INFO MiCo.MiForms.Uploader.SessionUpload - Attempting to authenticate server and user 
2015-04-08 08:28:51,559 [7] INFO MiCo.MiForms.Uploader.SessionUpload - Server verified.
2015-04-08 08:28:51,808 [7] INFO MiCo.MiForms.Uploader.SessionUpload - Successful login
2015-04-08 08:28:51,809 [7] INFO MiCo.MiForms.Uploader.SessionUpload - Authenticated Administrator
2015-04-08 08:29:39,007 [9] INFO MiCo.MiForms.Uploader.Upload - Starting Mi-Forms Session Upload Processor
2015-04-08 08:29:39,516 [9] INFO MiCo.MiForms.Uploader.SessionUpload - Attempting to authenticate server and user 
2015-04-08 08:29:39,590 [9] INFO MiCo.MiForms.Uploader.SessionUpload - Server verified.
2015-04-08 08:29:39,625 [9] INFO MiCo.MiForms.Uploader.SessionUpload - Successful login
2015-04-08 08:29:39,625 [9] INFO MiCo.MiForms.Uploader.SessionUpload - Authenticated Administrator
2015-04-08 08:31:18,018 [9] INFO MiCo.MiForms.Uploader.SessionUpload - Located Template: 777
2015-04-08 08:34:31,233 [9] INFO MiCo.MiForms.Uploader.Upload - Starting Mi-Forms Session Upload Processor
2015-04-08 08:34:31,747 [9] INFO MiCo.MiForms.Uploader.SessionUpload - Attempting to authenticate server and user 
2015-04-08 08:34:31,821 [9] INFO MiCo.MiForms.Uploader.SessionUpload - Server verified.
2015-04-08 08:34:31,844 [9] INFO MiCo.MiForms.Uploader.SessionUpload - Successful login
2015-04-08 08:34:31,844 [9] INFO MiCo.MiForms.Uploader.SessionUpload - Authenticated Administrator
2015-04-08 08:34:50,838 [9] INFO MiCo.MiForms.Uploader.SessionUpload - Located Template: 777
2015-04-08 08:35:13,979 [9] INFO MiCo.MiForms.Uploader.SessionUpload - Uploaded session to server.
2015-04-08 08:35:13,979 [9] INFO MiCo.MiForms.Uploader.SessionUpload - Form uploaded to server with session ID 11
2015-04-08 08:35:14,116 [9] INFO MiCo.MiForms.Uploader.SessionUpload - Confirmed uploaded session 11.
2015-04-08 08:35:45,382 [9] INFO MiCo.MiForms.Uploader.SessionUpload - Located Template: 777
2015-04-08 08:35:45,512 [9] INFO MiCo.MiForms.Uploader.SessionUpload - Uploaded session to server.
2015-04-08 08:35:45,512 [9] INFO MiCo.MiForms.Uploader.SessionUpload - Form uploaded to server with session ID 12
2015-04-08 08:35:45,562 [9] INFO MiCo.MiForms.Uploader.SessionUpload - Confirmed uploaded session 12.
2015-04-08 08:35:45,616 [9] INFO MiCo.MiForms.Uploader.SessionUpload - Located Template: 777
2015-04-08 08:35:45,814 [9] INFO MiCo.MiForms.Uploader.SessionUpload - Uploaded session to server.
2015-04-08 08:35:45,814 [9] INFO MiCo.MiForms.Uploader.SessionUpload - Form uploaded to server with session ID 13
2015-04-08 08:35:45,861 [9] INFO MiCo.MiForms.Uploader.SessionUpload - Confirmed uploaded session 13.
2015-04-08 08:35:45,901 [9] INFO MiCo.MiForms.Uploader.SessionUpload - Located Template: 777
2015-04-08 08:35:46,053 [9] INFO MiCo.MiForms.Uploader.SessionUpload - Uploaded session to server.
2015-04-08 08:35:46,053 [9] INFO MiCo.MiForms.Uploader.SessionUpload - Form uploaded to server with session ID 14
2015-04-08 08:35:46,118 [9] INFO MiCo.MiForms.Uploader.SessionUpload - Confirmed uploaded session 14.
2015-04-08 08:35:46,196 [9] INFO MiCo.MiForms.Uploader.SessionUpload - Located Template: 777
2015-04-08 08:35:46,385 [9] INFO MiCo.MiForms.Uploader.SessionUpload - Uploaded session to server.
2015-04-08 08:35:46,385 [9] INFO MiCo.MiForms.Uploader.SessionUpload - Form uploaded to server with session ID 15
2015-04-08 08:35:46,463 [9] INFO MiCo.MiForms.Uploader.SessionUpload - Confirmed uploaded session 15.
2015-04-08 08:35:46,463 [9] INFO MiCo.MiForms.Uploader.Upload -  Mi-Forms Session Upload Processor is Complete!
